<?xml version="1.0" encoding="UTF-8"?>
<testng-results ignored="0" total="1" passed="1" failed="0" skipped="0">
  <reporter-output>
    <line>
      <![CDATA[No of rows are::5]]>
    </line>
    <line>
      <![CDATA[Customer-00000005595=================Customer-00000005595]]>
    </line>
    <line>
      <![CDATA[Customer-00000005596=================Customer-00000005596]]>
    </line>
    <line>
      <![CDATA[Customer-00000005597=================Customer-00000005597]]>
    </line>
    <line>
      <![CDATA[Customer-00000005598=================Customer-00000005598]]>
    </line>
    <line>
      <![CDATA[Customer-00000005599=================Customer-00000005599]]>
    </line>
  </reporter-output>
  <suite started-at="2024-05-08T23:36:40 IST" name="Surefire suite" finished-at="2024-05-08T23:38:52 IST" duration-ms="132328">
    <groups>
    </groups>
    <test started-at="2024-05-08T23:36:40 IST" name="Surefire test" finished-at="2024-05-08T23:38:52 IST" duration-ms="132328">
      <class name="driverFactory.AppTest">
        <test-method is-config="true" signature="setUp()[pri:0, instance:driverFactory.AppTest@18ce0030]" started-at="2024-05-08T23:36:40 IST" name="setUp" finished-at="2024-05-08T23:37:07 IST" duration-ms="27541" status="PASS">
          <reporter-output>
          </reporter-output>
        </test-method> <!-- setUp -->
        <test-method signature="startTest()[pri:0, instance:driverFactory.AppTest@18ce0030]" started-at="2024-05-08T23:37:07 IST" name="startTest" finished-at="2024-05-08T23:38:51 IST" duration-ms="103568" status="PASS">
          <reporter-output>
            <line>
              <![CDATA[No of rows are::5]]>
            </line>
            <line>
              <![CDATA[Customer-00000005595=================Customer-00000005595]]>
            </line>
            <line>
              <![CDATA[Customer-00000005596=================Customer-00000005596]]>
            </line>
            <line>
              <![CDATA[Customer-00000005597=================Customer-00000005597]]>
            </line>
            <line>
              <![CDATA[Customer-00000005598=================Customer-00000005598]]>
            </line>
            <line>
              <![CDATA[Customer-00000005599=================Customer-00000005599]]>
            </line>
          </reporter-output>
        </test-method> <!-- startTest -->
        <test-method is-config="true" signature="tearDown()[pri:0, instance:driverFactory.AppTest@18ce0030]" started-at="2024-05-08T23:38:51 IST" name="tearDown" finished-at="2024-05-08T23:38:52 IST" duration-ms="1143" status="PASS">
          <reporter-output>
          </reporter-output>
        </test-method> <!-- tearDown -->
      </class> <!-- driverFactory.AppTest -->
    </test> <!-- Surefire test -->
  </suite> <!-- Surefire suite -->
</testng-results>
